<?xml version="1.0" encoding="UTF-8" ?>
<testsuite tests="12" failures="0" name="StylistTest" time="1.693" errors="0" skipped="0">
  <properties>
[...]
</properties>
  <testcase classname="StylistTest" name="stylist_instantiatesCorrectly_true" time="0.884"/>
  <testcase classname="StylistTest" name="Stylist_instantiatesWithAnId" time="0.213"/>
  <testcase classname="StylistTest" name="all_returnsAllInstancesOfStylist_true" time="0.166"/>
  <testcase classname="StylistTest" name="equals_returnsTrueIfStylistsAreSame" time="0.01"/>
  <testcase classname="StylistTest" name="update_updateStylist_true" time="0.18"/>
  <testcase classname="StylistTest" name="find_returnsStylistWithSameId_secondStylist" time="0.043"/>
  <testcase classname="StylistTest" name="getName_stylistInstantiatesWithPhone_String" time="0.006"/>
  <testcase classname="StylistTest" name="getName_stylistInstantiatesWithName_String" time="0.007"/>
  <testcase classname="StylistTest" name="save_savesIntoDatabase_true" time="0.075"/>
  <testcase classname="StylistTest" name="getName_stylistInstantiatesWithEmail_String" time="0.012"/>
  <testcase classname="StylistTest" name="delete_deletesStylist_true" time="0.057"/>
  <testcase classname="StylistTest" name="save_savesCorrectly" time="0.04"/>
</testsuite>