<?xml version="1.0" encoding="UTF-8" ?>
<testsuite tests="17" failures="0" name="ClientTest" time="0.58" errors="0" skipped="0">
  <properties>
[...]
</properties>
  <testcase classname="ClientTest" name="Client_instantiatesWithPhone_String" time="0.002"/>
  <testcase classname="ClientTest" name="Client_instantiatesWithDesc_String" time="0.01"/>
  <testcase classname="ClientTest" name="Client_instantiatesWithAnId" time="0.098"/>
  <testcase classname="ClientTest" name="update_updateClientDescription_true" time="0.066"/>
  <testcase classname="ClientTest" name="Client_instantiatesWithEmail_String" time="0.008"/>
  <testcase classname="ClientTest" name="save_savesStylistIdIntoDB_true" time="0.058"/>
  <testcase classname="ClientTest" name="Client_instantiatesWithName_String" time="0.011"/>
  <testcase classname="ClientTest" name="equals_returnsTrueIfClientsAreSame" time="0.007"/>
  <testcase classname="ClientTest" name="save_returnsTrueIfDescriptionsAreTheSame" time="0.036"/>
  <testcase classname="ClientTest" name="Client_instantiatesCorrectly_true" time="0.008"/>
  <testcase classname="ClientTest" name="getClients_retrievesAllClientsFromDatabase_clientsList" time="0.068"/>
  <testcase classname="ClientTest" name="save_assignsIdToObject" time="0.034"/>
  <testcase classname="ClientTest" name="find_returnsClientWIthSameID_secondClient" time="0.055"/>
  <testcase classname="ClientTest" name="delete_deletesClient_true" time="0.035"/>
  <testcase classname="ClientTest" name="Client_instantiatesWithStylistId_Integer" time="0.008"/>
  <testcase classname="ClientTest" name="save_savesCorrectly" time="0.032"/>
  <testcase classname="ClientTest" name="all_returnsAllInstancesOfClients_true" time="0.044"/>
</testsuite>